2025-09-21 20:49:33,330 INFO Iniciando bot
2025-09-21 20:50:57,795 INFO Iniciando bot
2025-09-21 20:53:35,281 INFO Iniciando bot
2025-09-21 20:57:21,047 INFO Iniciando bot
2025-09-21 21:00:37,970 INFO Iniciando bot
2025-09-21 21:03:07,956 ERROR Intento 1/3 falló: Message: Unable to obtain driver for chrome; For documentation on this error, please visit: https://www.selenium.dev/documentation/webdriver/troubleshooting/errors/driver_location

2025-09-21 21:03:09,959 ERROR Intento 2/3 falló: Message: Unable to obtain driver for chrome; For documentation on this error, please visit: https://www.selenium.dev/documentation/webdriver/troubleshooting/errors/driver_location

2025-09-21 21:03:13,961 ERROR Intento 3/3 falló: Message: Unable to obtain driver for chrome; For documentation on this error, please visit: https://www.selenium.dev/documentation/webdriver/troubleshooting/errors/driver_location

2025-09-21 21:03:13,965 ERROR Error en procesamiento de 890903938: Message: Unable to obtain driver for chrome; For documentation on this error, please visit: https://www.selenium.dev/documentation/webdriver/troubleshooting/errors/driver_location

2025-09-21 21:03:14,026 ERROR Intento 1/3 falló: Message: Unable to obtain driver for chrome; For documentation on this error, please visit: https://www.selenium.dev/documentation/webdriver/troubleshooting/errors/driver_location

2025-09-21 21:03:16,041 ERROR Intento 2/3 falló: Message: Unable to obtain driver for chrome; For documentation on this error, please visit: https://www.selenium.dev/documentation/webdriver/troubleshooting/errors/driver_location

2025-09-21 21:04:26,439 INFO Iniciando bot
2025-09-21 21:06:43,528 ERROR Intento 1/3 falló: Message: Unable to obtain driver for chrome; For documentation on this error, please visit: https://www.selenium.dev/documentation/webdriver/troubleshooting/errors/driver_location

2025-09-21 21:06:45,532 ERROR Intento 2/3 falló: Message: Unable to obtain driver for chrome; For documentation on this error, please visit: https://www.selenium.dev/documentation/webdriver/troubleshooting/errors/driver_location

2025-09-21 21:06:49,536 ERROR Intento 3/3 falló: Message: Unable to obtain driver for chrome; For documentation on this error, please visit: https://www.selenium.dev/documentation/webdriver/troubleshooting/errors/driver_location

2025-09-21 21:06:49,537 ERROR Error en procesamiento de 890903938: Message: Unable to obtain driver for chrome; For documentation on this error, please visit: https://www.selenium.dev/documentation/webdriver/troubleshooting/errors/driver_location

2025-09-21 21:06:49,646 ERROR Intento 1/3 falló: Message: Unable to obtain driver for chrome; For documentation on this error, please visit: https://www.selenium.dev/documentation/webdriver/troubleshooting/errors/driver_location

2025-09-21 21:14:24,333 INFO Iniciando bot
2025-09-21 21:17:24,983 INFO Iniciando bot
2025-09-21 21:17:49,275 INFO Screenshot saved to C:\Users\GMZ_DELL\Desktop\Try\screenshots\error_890903938_20250921211748.png
2025-09-21 21:19:00,849 INFO Iniciando bot
2025-09-21 21:21:22,705 INFO Iniciando bot
2025-09-21 21:21:59,995 INFO Screenshot saved to C:\Users\GMZ_DELL\Desktop\Try\screenshots\error_890903938_20250921212159.png
2025-09-21 21:22:09,966 INFO Iniciando bot
2025-09-21 21:22:35,778 INFO Iniciando bot
2025-09-21 21:24:07,901 INFO Screenshot saved to C:\Users\GMZ_DELL\Desktop\Try\screenshots\error_890903938_20250921212407.png
2025-09-21 21:24:09,154 ERROR Error consultando RUES para 890903938: Message: no such element: Unable to locate element: {"method":"xpath","selector":"/html/body/div[4]/div/button"}
  (Session info: chrome=140.0.7339.128); For documentation on this error, please visit: https://www.selenium.dev/documentation/webdriver/troubleshooting/errors#nosuchelementexception
Stacktrace:
	GetHandleVerifier [0x0x7ff610bb30f5+79493]
	GetHandleVerifier [0x0x7ff610bb3150+79584]
	(No symbol) [0x0x7ff6109301ba]
	(No symbol) [0x0x7ff610988067]
	(No symbol) [0x0x7ff61098832c]
	(No symbol) [0x0x7ff6109dbe27]
	(No symbol) [0x0x7ff6109b074f]
	(No symbol) [0x0x7ff6109d8b8b]
	(No symbol) [0x0x7ff6109b04e3]
	(No symbol) [0x0x7ff610978e92]
	(No symbol) [0x0x7ff610979c63]
	GetHandleVerifier [0x0x7ff610e70dbd+2954061]
	GetHandleVerifier [0x0x7ff610e6b02a+2930106]
	GetHandleVerifier [0x0x7ff610e8b357+3061991]
	GetHandleVerifier [0x0x7ff610bcd60e+187294]
	GetHandleVerifier [0x0x7ff610bd557f+219919]
	GetHandleVerifier [0x0x7ff610bbc294+116772]
	GetHandleVerifier [0x0x7ff610bbc449+117209]
	GetHandleVerifier [0x0x7ff610ba2618+11176]
	BaseThreadInitThunk [0x0x7ffc05c97374+20]
	RtlUserThreadStart [0x0x7ffc071fcc91+33]

2025-09-21 21:24:13,375 ERROR Intento 1/3 falló: Message: no such element: Unable to locate element: {"method":"xpath","selector":"/html/body/div[4]/div/button"}
  (Session info: chrome=140.0.7339.128); For documentation on this error, please visit: https://www.selenium.dev/documentation/webdriver/troubleshooting/errors#nosuchelementexception
Stacktrace:
	GetHandleVerifier [0x0x7ff610bb30f5+79493]
	GetHandleVerifier [0x0x7ff610bb3150+79584]
	(No symbol) [0x0x7ff6109301ba]
	(No symbol) [0x0x7ff610988067]
	(No symbol) [0x0x7ff61098832c]
	(No symbol) [0x0x7ff6109dbe27]
	(No symbol) [0x0x7ff6109b074f]
	(No symbol) [0x0x7ff6109d8b8b]
	(No symbol) [0x0x7ff6109b04e3]
	(No symbol) [0x0x7ff610978e92]
	(No symbol) [0x0x7ff610979c63]
	GetHandleVerifier [0x0x7ff610e70dbd+2954061]
	GetHandleVerifier [0x0x7ff610e6b02a+2930106]
	GetHandleVerifier [0x0x7ff610e8b357+3061991]
	GetHandleVerifier [0x0x7ff610bcd60e+187294]
	GetHandleVerifier [0x0x7ff610bd557f+219919]
	GetHandleVerifier [0x0x7ff610bbc294+116772]
	GetHandleVerifier [0x0x7ff610bbc449+117209]
	GetHandleVerifier [0x0x7ff610ba2618+11176]
	BaseThreadInitThunk [0x0x7ffc05c97374+20]
	RtlUserThreadStart [0x0x7ffc071fcc91+33]

2025-09-21 21:24:34,140 INFO Screenshot saved to C:\Users\GMZ_DELL\Desktop\Try\screenshots\error_890903938_20250921212433.png
2025-09-21 21:24:34,682 ERROR Error consultando RUES para 890903938: Message: no such element: Unable to locate element: {"method":"xpath","selector":"/html/body/div[4]/div/button"}
  (Session info: chrome=140.0.7339.128); For documentation on this error, please visit: https://www.selenium.dev/documentation/webdriver/troubleshooting/errors#nosuchelementexception
Stacktrace:
	GetHandleVerifier [0x0x7ff610bb30f5+79493]
	GetHandleVerifier [0x0x7ff610bb3150+79584]
	(No symbol) [0x0x7ff6109301ba]
	(No symbol) [0x0x7ff610988067]
	(No symbol) [0x0x7ff61098832c]
	(No symbol) [0x0x7ff6109dbe27]
	(No symbol) [0x0x7ff6109b074f]
	(No symbol) [0x0x7ff6109d8b8b]
	(No symbol) [0x0x7ff6109b04e3]
	(No symbol) [0x0x7ff610978e92]
	(No symbol) [0x0x7ff610979c63]
	GetHandleVerifier [0x0x7ff610e70dbd+2954061]
	GetHandleVerifier [0x0x7ff610e6b02a+2930106]
	GetHandleVerifier [0x0x7ff610e8b357+3061991]
	GetHandleVerifier [0x0x7ff610bcd60e+187294]
	GetHandleVerifier [0x0x7ff610bd557f+219919]
	GetHandleVerifier [0x0x7ff610bbc294+116772]
	GetHandleVerifier [0x0x7ff610bbc449+117209]
	GetHandleVerifier [0x0x7ff610ba2618+11176]
	BaseThreadInitThunk [0x0x7ffc05c97374+20]
	RtlUserThreadStart [0x0x7ffc071fcc91+33]

2025-09-21 21:24:38,170 ERROR Intento 2/3 falló: Message: no such element: Unable to locate element: {"method":"xpath","selector":"/html/body/div[4]/div/button"}
  (Session info: chrome=140.0.7339.128); For documentation on this error, please visit: https://www.selenium.dev/documentation/webdriver/troubleshooting/errors#nosuchelementexception
Stacktrace:
	GetHandleVerifier [0x0x7ff610bb30f5+79493]
	GetHandleVerifier [0x0x7ff610bb3150+79584]
	(No symbol) [0x0x7ff6109301ba]
	(No symbol) [0x0x7ff610988067]
	(No symbol) [0x0x7ff61098832c]
	(No symbol) [0x0x7ff6109dbe27]
	(No symbol) [0x0x7ff6109b074f]
	(No symbol) [0x0x7ff6109d8b8b]
	(No symbol) [0x0x7ff6109b04e3]
	(No symbol) [0x0x7ff610978e92]
	(No symbol) [0x0x7ff610979c63]
	GetHandleVerifier [0x0x7ff610e70dbd+2954061]
	GetHandleVerifier [0x0x7ff610e6b02a+2930106]
	GetHandleVerifier [0x0x7ff610e8b357+3061991]
	GetHandleVerifier [0x0x7ff610bcd60e+187294]
	GetHandleVerifier [0x0x7ff610bd557f+219919]
	GetHandleVerifier [0x0x7ff610bbc294+116772]
	GetHandleVerifier [0x0x7ff610bbc449+117209]
	GetHandleVerifier [0x0x7ff610ba2618+11176]
	BaseThreadInitThunk [0x0x7ffc05c97374+20]
	RtlUserThreadStart [0x0x7ffc071fcc91+33]

2025-09-21 21:25:15,275 INFO Screenshot saved to C:\Users\GMZ_DELL\Desktop\Try\screenshots\error_890903938_20250921212515.png
2025-09-21 21:25:16,884 ERROR Error consultando RUES para 890903938: Message: no such element: Unable to locate element: {"method":"xpath","selector":"/html/body/div[4]/div/button"}
  (Session info: chrome=140.0.7339.128); For documentation on this error, please visit: https://www.selenium.dev/documentation/webdriver/troubleshooting/errors#nosuchelementexception
Stacktrace:
	GetHandleVerifier [0x0x7ff610bb30f5+79493]
	GetHandleVerifier [0x0x7ff610bb3150+79584]
	(No symbol) [0x0x7ff6109301ba]
	(No symbol) [0x0x7ff610988067]
	(No symbol) [0x0x7ff61098832c]
	(No symbol) [0x0x7ff6109dbe27]
	(No symbol) [0x0x7ff6109b074f]
	(No symbol) [0x0x7ff6109d8b8b]
	(No symbol) [0x0x7ff6109b04e3]
	(No symbol) [0x0x7ff610978e92]
	(No symbol) [0x0x7ff610979c63]
	GetHandleVerifier [0x0x7ff610e70dbd+2954061]
	GetHandleVerifier [0x0x7ff610e6b02a+2930106]
	GetHandleVerifier [0x0x7ff610e8b357+3061991]
	GetHandleVerifier [0x0x7ff610bcd60e+187294]
	GetHandleVerifier [0x0x7ff610bd557f+219919]
	GetHandleVerifier [0x0x7ff610bbc294+116772]
	GetHandleVerifier [0x0x7ff610bbc449+117209]
	GetHandleVerifier [0x0x7ff610ba2618+11176]
	BaseThreadInitThunk [0x0x7ffc05c97374+20]
	RtlUserThreadStart [0x0x7ffc071fcc91+33]

2025-09-21 21:25:20,565 ERROR Intento 3/3 falló: Message: no such element: Unable to locate element: {"method":"xpath","selector":"/html/body/div[4]/div/button"}
  (Session info: chrome=140.0.7339.128); For documentation on this error, please visit: https://www.selenium.dev/documentation/webdriver/troubleshooting/errors#nosuchelementexception
Stacktrace:
	GetHandleVerifier [0x0x7ff610bb30f5+79493]
	GetHandleVerifier [0x0x7ff610bb3150+79584]
	(No symbol) [0x0x7ff6109301ba]
	(No symbol) [0x0x7ff610988067]
	(No symbol) [0x0x7ff61098832c]
	(No symbol) [0x0x7ff6109dbe27]
	(No symbol) [0x0x7ff6109b074f]
	(No symbol) [0x0x7ff6109d8b8b]
	(No symbol) [0x0x7ff6109b04e3]
	(No symbol) [0x0x7ff610978e92]
	(No symbol) [0x0x7ff610979c63]
	GetHandleVerifier [0x0x7ff610e70dbd+2954061]
	GetHandleVerifier [0x0x7ff610e6b02a+2930106]
	GetHandleVerifier [0x0x7ff610e8b357+3061991]
	GetHandleVerifier [0x0x7ff610bcd60e+187294]
	GetHandleVerifier [0x0x7ff610bd557f+219919]
	GetHandleVerifier [0x0x7ff610bbc294+116772]
	GetHandleVerifier [0x0x7ff610bbc449+117209]
	GetHandleVerifier [0x0x7ff610ba2618+11176]
	BaseThreadInitThunk [0x0x7ffc05c97374+20]
	RtlUserThreadStart [0x0x7ffc071fcc91+33]

2025-09-21 21:25:20,570 ERROR Error en procesamiento de 890903938: Message: no such element: Unable to locate element: {"method":"xpath","selector":"/html/body/div[4]/div/button"}
  (Session info: chrome=140.0.7339.128); For documentation on this error, please visit: https://www.selenium.dev/documentation/webdriver/troubleshooting/errors#nosuchelementexception
Stacktrace:
	GetHandleVerifier [0x0x7ff610bb30f5+79493]
	GetHandleVerifier [0x0x7ff610bb3150+79584]
	(No symbol) [0x0x7ff6109301ba]
	(No symbol) [0x0x7ff610988067]
	(No symbol) [0x0x7ff61098832c]
	(No symbol) [0x0x7ff6109dbe27]
	(No symbol) [0x0x7ff6109b074f]
	(No symbol) [0x0x7ff6109d8b8b]
	(No symbol) [0x0x7ff6109b04e3]
	(No symbol) [0x0x7ff610978e92]
	(No symbol) [0x0x7ff610979c63]
	GetHandleVerifier [0x0x7ff610e70dbd+2954061]
	GetHandleVerifier [0x0x7ff610e6b02a+2930106]
	GetHandleVerifier [0x0x7ff610e8b357+3061991]
	GetHandleVerifier [0x0x7ff610bcd60e+187294]
	GetHandleVerifier [0x0x7ff610bd557f+219919]
	GetHandleVerifier [0x0x7ff610bbc294+116772]
	GetHandleVerifier [0x0x7ff610bbc449+117209]
	GetHandleVerifier [0x0x7ff610ba2618+11176]
	BaseThreadInitThunk [0x0x7ffc05c97374+20]
	RtlUserThreadStart [0x0x7ffc071fcc91+33]

2025-09-21 21:26:26,077 INFO Screenshot saved to C:\Users\GMZ_DELL\Desktop\Try\screenshots\error_890904996_20250921212625.png
2025-09-21 21:26:26,079 ERROR Error consultando RUES para 890904996: Message: no such element: Unable to locate element: {"method":"xpath","selector":"/html/body/div[4]/div/button"}
  (Session info: chrome=140.0.7339.128); For documentation on this error, please visit: https://www.selenium.dev/documentation/webdriver/troubleshooting/errors#nosuchelementexception
Stacktrace:
	GetHandleVerifier [0x0x7ff610bb30f5+79493]
	GetHandleVerifier [0x0x7ff610bb3150+79584]
	(No symbol) [0x0x7ff6109301ba]
	(No symbol) [0x0x7ff610988067]
	(No symbol) [0x0x7ff61098832c]
	(No symbol) [0x0x7ff6109dbe27]
	(No symbol) [0x0x7ff6109b074f]
	(No symbol) [0x0x7ff6109d8b8b]
	(No symbol) [0x0x7ff6109b04e3]
	(No symbol) [0x0x7ff610978e92]
	(No symbol) [0x0x7ff610979c63]
	GetHandleVerifier [0x0x7ff610e70dbd+2954061]
	GetHandleVerifier [0x0x7ff610e6b02a+2930106]
	GetHandleVerifier [0x0x7ff610e8b357+3061991]
	GetHandleVerifier [0x0x7ff610bcd60e+187294]
	GetHandleVerifier [0x0x7ff610bd557f+219919]
	GetHandleVerifier [0x0x7ff610bbc294+116772]
	GetHandleVerifier [0x0x7ff610bbc449+117209]
	GetHandleVerifier [0x0x7ff610ba2618+11176]
	BaseThreadInitThunk [0x0x7ffc05c97374+20]
	RtlUserThreadStart [0x0x7ffc071fcc91+33]

2025-09-21 21:26:28,444 ERROR Intento 1/3 falló: Message: no such element: Unable to locate element: {"method":"xpath","selector":"/html/body/div[4]/div/button"}
  (Session info: chrome=140.0.7339.128); For documentation on this error, please visit: https://www.selenium.dev/documentation/webdriver/troubleshooting/errors#nosuchelementexception
Stacktrace:
	GetHandleVerifier [0x0x7ff610bb30f5+79493]
	GetHandleVerifier [0x0x7ff610bb3150+79584]
	(No symbol) [0x0x7ff6109301ba]
	(No symbol) [0x0x7ff610988067]
	(No symbol) [0x0x7ff61098832c]
	(No symbol) [0x0x7ff6109dbe27]
	(No symbol) [0x0x7ff6109b074f]
	(No symbol) [0x0x7ff6109d8b8b]
	(No symbol) [0x0x7ff6109b04e3]
	(No symbol) [0x0x7ff610978e92]
	(No symbol) [0x0x7ff610979c63]
	GetHandleVerifier [0x0x7ff610e70dbd+2954061]
	GetHandleVerifier [0x0x7ff610e6b02a+2930106]
	GetHandleVerifier [0x0x7ff610e8b357+3061991]
	GetHandleVerifier [0x0x7ff610bcd60e+187294]
	GetHandleVerifier [0x0x7ff610bd557f+219919]
	GetHandleVerifier [0x0x7ff610bbc294+116772]
	GetHandleVerifier [0x0x7ff610bbc449+117209]
	GetHandleVerifier [0x0x7ff610ba2618+11176]
	BaseThreadInitThunk [0x0x7ffc05c97374+20]
	RtlUserThreadStart [0x0x7ffc071fcc91+33]

2025-09-21 21:29:32,407 INFO Iniciando bot
2025-09-21 21:29:58,679 INFO Screenshot saved to C:\Users\GMZ_DELL\Desktop\Try\screenshots\error_890903938_20250921212958.png
2025-09-21 21:29:59,306 ERROR Error consultando RUES para 890903938: Message: no such alert
  (Session info: chrome=140.0.7339.128)
Stacktrace:
	GetHandleVerifier [0x0x7ff610bb30f5+79493]
	GetHandleVerifier [0x0x7ff610bb3150+79584]
	(No symbol) [0x0x7ff61092ffdc]
	(No symbol) [0x0x7ff61091fdf8]
	(No symbol) [0x0x7ff6109471d1]
	(No symbol) [0x0x7ff610959255]
	(No symbol) [0x0x7ff6109b07bd]
	(No symbol) [0x0x7ff610958a06]
	(No symbol) [0x0x7ff6109b04e3]
	(No symbol) [0x0x7ff610978e92]
	(No symbol) [0x0x7ff610979c63]
	GetHandleVerifier [0x0x7ff610e70dbd+2954061]
	GetHandleVerifier [0x0x7ff610e6b02a+2930106]
	GetHandleVerifier [0x0x7ff610e8b357+3061991]
	GetHandleVerifier [0x0x7ff610bcd60e+187294]
	GetHandleVerifier [0x0x7ff610bd557f+219919]
	GetHandleVerifier [0x0x7ff610bbc294+116772]
	GetHandleVerifier [0x0x7ff610bbc449+117209]
	GetHandleVerifier [0x0x7ff610ba2618+11176]
	BaseThreadInitThunk [0x0x7ffc05c97374+20]
	RtlUserThreadStart [0x0x7ffc071fcc91+33]

2025-09-21 21:30:03,071 ERROR Intento 1/3 falló: Message: no such alert
  (Session info: chrome=140.0.7339.128)
Stacktrace:
	GetHandleVerifier [0x0x7ff610bb30f5+79493]
	GetHandleVerifier [0x0x7ff610bb3150+79584]
	(No symbol) [0x0x7ff61092ffdc]
	(No symbol) [0x0x7ff61091fdf8]
	(No symbol) [0x0x7ff6109471d1]
	(No symbol) [0x0x7ff610959255]
	(No symbol) [0x0x7ff6109b07bd]
	(No symbol) [0x0x7ff610958a06]
	(No symbol) [0x0x7ff6109b04e3]
	(No symbol) [0x0x7ff610978e92]
	(No symbol) [0x0x7ff610979c63]
	GetHandleVerifier [0x0x7ff610e70dbd+2954061]
	GetHandleVerifier [0x0x7ff610e6b02a+2930106]
	GetHandleVerifier [0x0x7ff610e8b357+3061991]
	GetHandleVerifier [0x0x7ff610bcd60e+187294]
	GetHandleVerifier [0x0x7ff610bd557f+219919]
	GetHandleVerifier [0x0x7ff610bbc294+116772]
	GetHandleVerifier [0x0x7ff610bbc449+117209]
	GetHandleVerifier [0x0x7ff610ba2618+11176]
	BaseThreadInitThunk [0x0x7ffc05c97374+20]
	RtlUserThreadStart [0x0x7ffc071fcc91+33]

2025-09-21 21:30:25,873 INFO Screenshot saved to C:\Users\GMZ_DELL\Desktop\Try\screenshots\error_890903938_20250921213025.png
2025-09-21 21:30:25,874 ERROR Error consultando RUES para 890903938: Message: no such alert
  (Session info: chrome=140.0.7339.128)
Stacktrace:
	GetHandleVerifier [0x0x7ff610bb30f5+79493]
	GetHandleVerifier [0x0x7ff610bb3150+79584]
	(No symbol) [0x0x7ff61092ffdc]
	(No symbol) [0x0x7ff61091fdf8]
	(No symbol) [0x0x7ff6109471d1]
	(No symbol) [0x0x7ff610959255]
	(No symbol) [0x0x7ff6109b07bd]
	(No symbol) [0x0x7ff610958a06]
	(No symbol) [0x0x7ff6109b04e3]
	(No symbol) [0x0x7ff610978e92]
	(No symbol) [0x0x7ff610979c63]
	GetHandleVerifier [0x0x7ff610e70dbd+2954061]
	GetHandleVerifier [0x0x7ff610e6b02a+2930106]
	GetHandleVerifier [0x0x7ff610e8b357+3061991]
	GetHandleVerifier [0x0x7ff610bcd60e+187294]
	GetHandleVerifier [0x0x7ff610bd557f+219919]
	GetHandleVerifier [0x0x7ff610bbc294+116772]
	GetHandleVerifier [0x0x7ff610bbc449+117209]
	GetHandleVerifier [0x0x7ff610ba2618+11176]
	BaseThreadInitThunk [0x0x7ffc05c97374+20]
	RtlUserThreadStart [0x0x7ffc071fcc91+33]

2025-09-21 21:30:28,395 ERROR Intento 2/3 falló: Message: no such alert
  (Session info: chrome=140.0.7339.128)
Stacktrace:
	GetHandleVerifier [0x0x7ff610bb30f5+79493]
	GetHandleVerifier [0x0x7ff610bb3150+79584]
	(No symbol) [0x0x7ff61092ffdc]
	(No symbol) [0x0x7ff61091fdf8]
	(No symbol) [0x0x7ff6109471d1]
	(No symbol) [0x0x7ff610959255]
	(No symbol) [0x0x7ff6109b07bd]
	(No symbol) [0x0x7ff610958a06]
	(No symbol) [0x0x7ff6109b04e3]
	(No symbol) [0x0x7ff610978e92]
	(No symbol) [0x0x7ff610979c63]
	GetHandleVerifier [0x0x7ff610e70dbd+2954061]
	GetHandleVerifier [0x0x7ff610e6b02a+2930106]
	GetHandleVerifier [0x0x7ff610e8b357+3061991]
	GetHandleVerifier [0x0x7ff610bcd60e+187294]
	GetHandleVerifier [0x0x7ff610bd557f+219919]
	GetHandleVerifier [0x0x7ff610bbc294+116772]
	GetHandleVerifier [0x0x7ff610bbc449+117209]
	GetHandleVerifier [0x0x7ff610ba2618+11176]
	BaseThreadInitThunk [0x0x7ffc05c97374+20]
	RtlUserThreadStart [0x0x7ffc071fcc91+33]

2025-09-21 21:31:57,242 INFO Iniciando bot
2025-09-21 21:34:54,049 INFO Iniciando bot
2025-09-21 21:38:06,566 INFO Iniciando bot
2025-09-21 21:38:48,227 INFO Screenshot saved to C:\Users\GMZ_DELL\Desktop\Try\screenshots\error_890903938_20250921213848.png
2025-09-21 21:38:48,228 ERROR Error consultando RUES para 890903938: Message: element not interactable
  (Session info: chrome=140.0.7339.128); For documentation on this error, please visit: https://www.selenium.dev/documentation/webdriver/troubleshooting/errors#elementnotinteractableexception
Stacktrace:
	GetHandleVerifier [0x0x7ff610bb30f5+79493]
	GetHandleVerifier [0x0x7ff610bb3150+79584]
	(No symbol) [0x0x7ff61092ffdc]
	(No symbol) [0x0x7ff6109895d3]
	(No symbol) [0x0x7ff61097af58]
	(No symbol) [0x0x7ff6109b070a]
	(No symbol) [0x0x7ff61097a7e6]
	(No symbol) [0x0x7ff6109b0920]
	(No symbol) [0x0x7ff6109d8b8b]
	(No symbol) [0x0x7ff6109b04e3]
	(No symbol) [0x0x7ff610978e92]
	(No symbol) [0x0x7ff610979c63]
	GetHandleVerifier [0x0x7ff610e70dbd+2954061]
	GetHandleVerifier [0x0x7ff610e6b02a+2930106]
	GetHandleVerifier [0x0x7ff610e8b357+3061991]
	GetHandleVerifier [0x0x7ff610bcd60e+187294]
	GetHandleVerifier [0x0x7ff610bd557f+219919]
	GetHandleVerifier [0x0x7ff610bbc294+116772]
	GetHandleVerifier [0x0x7ff610bbc449+117209]
	GetHandleVerifier [0x0x7ff610ba2618+11176]
	BaseThreadInitThunk [0x0x7ffc05c97374+20]
	RtlUserThreadStart [0x0x7ffc071fcc91+33]

2025-09-21 21:38:50,749 ERROR Intento 1/3 falló: Message: element not interactable
  (Session info: chrome=140.0.7339.128); For documentation on this error, please visit: https://www.selenium.dev/documentation/webdriver/troubleshooting/errors#elementnotinteractableexception
Stacktrace:
	GetHandleVerifier [0x0x7ff610bb30f5+79493]
	GetHandleVerifier [0x0x7ff610bb3150+79584]
	(No symbol) [0x0x7ff61092ffdc]
	(No symbol) [0x0x7ff6109895d3]
	(No symbol) [0x0x7ff61097af58]
	(No symbol) [0x0x7ff6109b070a]
	(No symbol) [0x0x7ff61097a7e6]
	(No symbol) [0x0x7ff6109b0920]
	(No symbol) [0x0x7ff6109d8b8b]
	(No symbol) [0x0x7ff6109b04e3]
	(No symbol) [0x0x7ff610978e92]
	(No symbol) [0x0x7ff610979c63]
	GetHandleVerifier [0x0x7ff610e70dbd+2954061]
	GetHandleVerifier [0x0x7ff610e6b02a+2930106]
	GetHandleVerifier [0x0x7ff610e8b357+3061991]
	GetHandleVerifier [0x0x7ff610bcd60e+187294]
	GetHandleVerifier [0x0x7ff610bd557f+219919]
	GetHandleVerifier [0x0x7ff610bbc294+116772]
	GetHandleVerifier [0x0x7ff610bbc449+117209]
	GetHandleVerifier [0x0x7ff610ba2618+11176]
	BaseThreadInitThunk [0x0x7ffc05c97374+20]
	RtlUserThreadStart [0x0x7ffc071fcc91+33]

2025-09-21 21:39:43,409 INFO Iniciando bot
2025-09-21 21:46:41,527 INFO Iniciando bot
2025-09-21 21:55:21,554 INFO Iniciando bot
2025-09-21 21:56:31,477 INFO Screenshot saved to C:\Users\GMZ_DELL\Desktop\Try\screenshots\error_890904996_20250921215631.png
2025-09-21 21:56:31,478 ERROR Error consultando RUES para 890904996: Message: 
Stacktrace:
	GetHandleVerifier [0x0x7ff610bb30f5+79493]
	GetHandleVerifier [0x0x7ff610bb3150+79584]
	(No symbol) [0x0x7ff6109301ba]
	(No symbol) [0x0x7ff610988067]
	(No symbol) [0x0x7ff61098832c]
	(No symbol) [0x0x7ff6109dbe27]
	(No symbol) [0x0x7ff6109b074f]
	(No symbol) [0x0x7ff6109d8b8b]
	(No symbol) [0x0x7ff6109b04e3]
	(No symbol) [0x0x7ff610978e92]
	(No symbol) [0x0x7ff610979c63]
	GetHandleVerifier [0x0x7ff610e70dbd+2954061]
	GetHandleVerifier [0x0x7ff610e6b02a+2930106]
	GetHandleVerifier [0x0x7ff610e8b357+3061991]
	GetHandleVerifier [0x0x7ff610bcd60e+187294]
	GetHandleVerifier [0x0x7ff610bd557f+219919]
	GetHandleVerifier [0x0x7ff610bbc294+116772]
	GetHandleVerifier [0x0x7ff610bbc449+117209]
	GetHandleVerifier [0x0x7ff610ba2618+11176]
	BaseThreadInitThunk [0x0x7ffc05c97374+20]
	RtlUserThreadStart [0x0x7ffc071fcc91+33]

2025-09-21 21:56:33,796 ERROR Intento 1/3 falló: Message: 
Stacktrace:
	GetHandleVerifier [0x0x7ff610bb30f5+79493]
	GetHandleVerifier [0x0x7ff610bb3150+79584]
	(No symbol) [0x0x7ff6109301ba]
	(No symbol) [0x0x7ff610988067]
	(No symbol) [0x0x7ff61098832c]
	(No symbol) [0x0x7ff6109dbe27]
	(No symbol) [0x0x7ff6109b074f]
	(No symbol) [0x0x7ff6109d8b8b]
	(No symbol) [0x0x7ff6109b04e3]
	(No symbol) [0x0x7ff610978e92]
	(No symbol) [0x0x7ff610979c63]
	GetHandleVerifier [0x0x7ff610e70dbd+2954061]
	GetHandleVerifier [0x0x7ff610e6b02a+2930106]
	GetHandleVerifier [0x0x7ff610e8b357+3061991]
	GetHandleVerifier [0x0x7ff610bcd60e+187294]
	GetHandleVerifier [0x0x7ff610bd557f+219919]
	GetHandleVerifier [0x0x7ff610bbc294+116772]
	GetHandleVerifier [0x0x7ff610bbc449+117209]
	GetHandleVerifier [0x0x7ff610ba2618+11176]
	BaseThreadInitThunk [0x0x7ffc05c97374+20]
	RtlUserThreadStart [0x0x7ffc071fcc91+33]

2025-09-21 21:59:09,330 INFO Iniciando bot
2025-09-21 22:00:53,288 INFO Reporte guardado en C:\Users\GMZ_DELL\Desktop\Try\BotEmpresas\output\reporte_final.xlsx
2025-09-21 22:00:56,215 INFO Ejecución finalizada.
2025-09-21 22:16:56,040 INFO Iniciando bot
2025-09-21 22:18:41,940 INFO Reporte guardado en C:\Users\GMZ_DELL\Desktop\Try\BotEmpresas\output\reporte_final.xlsx
2025-09-21 22:18:42,860 INFO Ejecución finalizada.
2025-09-21 22:44:56,902 INFO Iniciando bot
2025-09-21 22:45:26,208 INFO Reporte guardado en c:\Users\GMZ_DELL\Desktop\Try\BotEmpresas\output\reporte_final.xlsx
2025-09-21 22:45:26,209 INFO Ejecución finalizada.
